<?xml version="1.0" encoding="UTF-8"?>
<testsuite name="com.exa.api.ApiApplicationTests" tests="1" skipped="0" failures="0" errors="0" timestamp="2021-12-27T10:43:33" hostname="LAPY" time="0.912">
  <properties/>
  <testcase name="contextLoads()" classname="com.exa.api.ApiApplicationTests" time="0.912"/>
  <system-out><![CDATA[17:42:44.370 [Test worker] DEBUG org.springframework.test.context.BootstrapUtils - Instantiating CacheAwareContextLoaderDelegate from class [org.springframework.test.context.cache.DefaultCacheAwareContextLoaderDelegate]
17:42:44.730 [Test worker] DEBUG org.springframework.test.context.BootstrapUtils - Instantiating BootstrapContext using constructor [public org.springframework.test.context.support.DefaultBootstrapContext(java.lang.Class,org.springframework.test.context.CacheAwareContextLoaderDelegate)]
17:42:45.073 [Test worker] DEBUG org.springframework.test.context.BootstrapUtils - Instantiating TestContextBootstrapper for test class [com.exa.api.ApiApplicationTests] from class [org.springframework.boot.test.context.SpringBootTestContextBootstrapper]
17:42:45.533 [Test worker] INFO org.springframework.boot.test.context.SpringBootTestContextBootstrapper - Neither @ContextConfiguration nor @ContextHierarchy found for test class [com.exa.api.ApiApplicationTests], using SpringBootContextLoader
17:42:45.777 [Test worker] DEBUG org.springframework.test.context.support.AbstractContextLoader - Did not detect default resource location for test class [com.exa.api.ApiApplicationTests]: class path resource [com/exa/api/ApiApplicationTests-context.xml] does not exist
17:42:45.778 [Test worker] DEBUG org.springframework.test.context.support.AbstractContextLoader - Did not detect default resource location for test class [com.exa.api.ApiApplicationTests]: class path resource [com/exa/api/ApiApplicationTestsContext.groovy] does not exist
17:42:45.779 [Test worker] INFO org.springframework.test.context.support.AbstractContextLoader - Could not detect default resource locations for test class [com.exa.api.ApiApplicationTests]: no resource found for suffixes {-context.xml, Context.groovy}.
17:42:45.781 [Test worker] INFO org.springframework.test.context.support.AnnotationConfigContextLoaderUtils - Could not detect default configuration classes for test class [com.exa.api.ApiApplicationTests]: ApiApplicationTests does not declare any static, non-private, non-final, nested classes annotated with @Configuration.
17:42:47.070 [Test worker] DEBUG org.springframework.test.context.support.ActiveProfilesUtils - Could not find an 'annotation declaring class' for annotation type [org.springframework.test.context.ActiveProfiles] and class [com.exa.api.ApiApplicationTests]
17:42:49.303 [Test worker] DEBUG org.springframework.context.annotation.ClassPathScanningCandidateComponentProvider - Identified candidate component class: file [C:\Users\ASUS\Documents\UAS-APIRest-Syarifah\api\build\classes\groovy\main\com\exa\api\Application.class]
17:42:49.307 [Test worker] INFO org.springframework.boot.test.context.SpringBootTestContextBootstrapper - Found @SpringBootConfiguration com.exa.api.Application for test class com.exa.api.ApiApplicationTests
17:42:50.887 [Test worker] DEBUG org.springframework.boot.test.context.SpringBootTestContextBootstrapper - @TestExecutionListeners is not present for class [com.exa.api.ApiApplicationTests]: using defaults.
17:42:50.888 [Test worker] INFO org.springframework.boot.test.context.SpringBootTestContextBootstrapper - Loaded default TestExecutionListener class names from location [META-INF/spring.factories]: [org.springframework.boot.test.autoconfigure.restdocs.RestDocsTestExecutionListener, org.springframework.boot.test.autoconfigure.web.client.MockRestServiceServerResetTestExecutionListener, org.springframework.boot.test.autoconfigure.web.servlet.MockMvcPrintOnlyOnFailureTestExecutionListener, org.springframework.boot.test.autoconfigure.web.servlet.WebDriverTestExecutionListener, org.springframework.boot.test.autoconfigure.webservices.client.MockWebServiceServerTestExecutionListener, org.springframework.boot.test.mock.mockito.MockitoTestExecutionListener, org.springframework.boot.test.mock.mockito.ResetMocksTestExecutionListener, org.springframework.test.context.web.ServletTestExecutionListener, org.springframework.test.context.support.DirtiesContextBeforeModesTestExecutionListener, org.springframework.test.context.event.ApplicationEventsTestExecutionListener, org.springframework.test.context.support.DependencyInjectionTestExecutionListener, org.springframework.test.context.support.DirtiesContextTestExecutionListener, org.springframework.test.context.transaction.TransactionalTestExecutionListener, org.springframework.test.context.jdbc.SqlScriptsTestExecutionListener, org.springframework.test.context.event.EventPublishingTestExecutionListener]
17:42:51.340 [Test worker] INFO org.springframework.boot.test.context.SpringBootTestContextBootstrapper - Using TestExecutionListeners: [org.springframework.test.context.web.ServletTestExecutionListener@29539e36, org.springframework.test.context.support.DirtiesContextBeforeModesTestExecutionListener@32f61a31, org.springframework.test.context.event.ApplicationEventsTestExecutionListener@f5c79a6, org.springframework.boot.test.mock.mockito.MockitoTestExecutionListener@669253b7, org.springframework.boot.test.autoconfigure.SpringBootDependencyInjectionTestExecutionListener@5305c37d, org.springframework.test.context.support.DirtiesContextTestExecutionListener@51a06cbe, org.springframework.test.context.transaction.TransactionalTestExecutionListener@3dddbe65, org.springframework.test.context.jdbc.SqlScriptsTestExecutionListener@49a64d82, org.springframework.test.context.event.EventPublishingTestExecutionListener@344561e0, org.springframework.boot.test.autoconfigure.restdocs.RestDocsTestExecutionListener@66d23e4a, org.springframework.boot.test.autoconfigure.web.client.MockRestServiceServerResetTestExecutionListener@36ac8a63, org.springframework.boot.test.autoconfigure.web.servlet.MockMvcPrintOnlyOnFailureTestExecutionListener@4d9d1b69, org.springframework.boot.test.autoconfigure.web.servlet.WebDriverTestExecutionListener@52c8295b, org.springframework.boot.test.autoconfigure.webservices.client.MockWebServiceServerTestExecutionListener@251f7d26, org.springframework.boot.test.mock.mockito.ResetMocksTestExecutionListener@77b21474]
17:42:51.349 [Test worker] DEBUG org.springframework.test.context.support.AbstractDirtiesContextTestExecutionListener - Before test class: context [DefaultTestContext@46cf05f7 testClass = ApiApplicationTests, testInstance = [null], testMethod = [null], testException = [null], mergedContextConfiguration = [WebMergedContextConfiguration@5851bd4f testClass = ApiApplicationTests, locations = '{}', classes = '{class com.exa.api.Application}', contextInitializerClasses = '[]', activeProfiles = '{}', propertySourceLocations = '{}', propertySourceProperties = '{org.springframework.boot.test.context.SpringBootTestContextBootstrapper=true}', contextCustomizers = set[org.springframework.boot.test.autoconfigure.actuate.metrics.MetricsExportContextCustomizerFactory$DisableMetricExportContextCustomizer@5e81e5ac, org.springframework.boot.test.autoconfigure.properties.PropertyMappingContextCustomizer@0, org.springframework.boot.test.autoconfigure.web.servlet.WebDriverContextCustomizerFactory$Customizer@607fbe09, org.springframework.boot.test.context.filter.ExcludeFilterContextCustomizer@3382f8ae, org.springframework.boot.test.json.DuplicateJsonObjectContextCustomizerFactory$DuplicateJsonObjectContextCustomizer@6eeade6c, org.springframework.boot.test.mock.mockito.MockitoContextCustomizer@0, org.springframework.boot.test.web.client.TestRestTemplateContextCustomizer@53d1b9b3, org.springframework.boot.test.context.SpringBootTestArgs@1, org.springframework.boot.test.context.SpringBootTestWebEnvironment@1ec9bd38], resourceBasePath = 'src/main/webapp', contextLoader = 'org.springframework.boot.test.context.SpringBootContextLoader', parent = [null]], attributes = map['org.springframework.test.context.web.ServletTestExecutionListener.activateListener' -> true]], class annotated with @DirtiesContext [false] with mode [null].
17:42:52.556 [Test worker] DEBUG org.springframework.test.context.support.TestPropertySourceUtils - Adding inlined properties to environment: {spring.jmx.enabled=false, org.springframework.boot.test.context.SpringBootTestContextBootstrapper=true}

  .   ____          _            __ _ _
 /\\ / ___'_ __ _ _(_)_ __  __ _ \ \ \ \
( ( )\___ | '_ | '_| | '_ \/ _` | \ \ \ \
 \\/  ___)| |_)| | | | | || (_| |  ) ) ) )
  '  |____| .__|_| |_|_| |_\__, | / / / /
 =========|_|==============|___/=/_/_/_/
 :: Spring Boot ::                (v2.5.6)

2021-12-27 17:42:55.565  INFO 12704 --- [    Test worker] com.exa.api.ApiApplicationTests          : Starting ApiApplicationTests using Java 11.0.13 on Lapy with PID 12704 (started by ASUS in C:\Users\ASUS\Documents\UAS-APIRest-Syarifah\api)
2021-12-27 17:42:55.570  INFO 12704 --- [    Test worker] com.exa.api.ApiApplicationTests          : No active profile set, falling back to default profiles: default
2021-12-27 17:43:04.091  INFO 12704 --- [    Test worker] .s.d.r.c.RepositoryConfigurationDelegate : Bootstrapping Spring Data JPA repositories in DEFAULT mode.
2021-12-27 17:43:04.538  INFO 12704 --- [    Test worker] .s.d.r.c.RepositoryConfigurationDelegate : Finished Spring Data repository scanning in 371 ms. Found 2 JPA repository interfaces.
2021-12-27 17:43:08.042  INFO 12704 --- [    Test worker] o.hibernate.jpa.internal.util.LogHelper  : HHH000204: Processing PersistenceUnitInfo [name: default]
2021-12-27 17:43:08.636  INFO 12704 --- [    Test worker] org.hibernate.Version                    : HHH000412: Hibernate ORM core version 5.4.32.Final
2021-12-27 17:43:10.142  INFO 12704 --- [    Test worker] o.hibernate.annotations.common.Version   : HCANN000001: Hibernate Commons Annotations {5.1.2.Final}
2021-12-27 17:43:10.467 DEBUG 12704 --- [    Test worker] org.hibernate.type.BasicTypeRegistry     : Adding type registration boolean -> org.hibernate.type.BooleanType@3d3930fe
2021-12-27 17:43:10.467 DEBUG 12704 --- [    Test worker] org.hibernate.type.BasicTypeRegistry     : Adding type registration boolean -> org.hibernate.type.BooleanType@3d3930fe
2021-12-27 17:43:10.468 DEBUG 12704 --- [    Test worker] org.hibernate.type.BasicTypeRegistry     : Adding type registration java.lang.Boolean -> org.hibernate.type.BooleanType@3d3930fe
2021-12-27 17:43:10.469 DEBUG 12704 --- [    Test worker] org.hibernate.type.BasicTypeRegistry     : Adding type registration numeric_boolean -> org.hibernate.type.NumericBooleanType@382faf51
2021-12-27 17:43:10.471 DEBUG 12704 --- [    Test worker] org.hibernate.type.BasicTypeRegistry     : Adding type registration true_false -> org.hibernate.type.TrueFalseType@4ecd8ab1
2021-12-27 17:43:10.473 DEBUG 12704 --- [    Test worker] org.hibernate.type.BasicTypeRegistry     : Adding type registration yes_no -> org.hibernate.type.YesNoType@145e958f
2021-12-27 17:43:10.476 DEBUG 12704 --- [    Test worker] org.hibernate.type.BasicTypeRegistry     : Adding type registration byte -> org.hibernate.type.ByteType@38a96593
2021-12-27 17:43:10.476 DEBUG 12704 --- [    Test worker] org.hibernate.type.BasicTypeRegistry     : Adding type registration byte -> org.hibernate.type.ByteType@38a96593
2021-12-27 17:43:10.476 DEBUG 12704 --- [    Test worker] org.hibernate.type.BasicTypeRegistry     : Adding type registration java.lang.Byte -> org.hibernate.type.ByteType@38a96593
2021-12-27 17:43:10.491 DEBUG 12704 --- [    Test worker] org.hibernate.type.BasicTypeRegistry     : Adding type registration character -> org.hibernate.type.CharacterType@30c7be6f
2021-12-27 17:43:10.492 DEBUG 12704 --- [    Test worker] org.hibernate.type.BasicTypeRegistry     : Adding type registration char -> org.hibernate.type.CharacterType@30c7be6f
2021-12-27 17:43:10.492 DEBUG 12704 --- [    Test worker] org.hibernate.type.BasicTypeRegistry     : Adding type registration java.lang.Character -> org.hibernate.type.CharacterType@30c7be6f
2021-12-27 17:43:10.497 DEBUG 12704 --- [    Test worker] org.hibernate.type.BasicTypeRegistry     : Adding type registration short -> org.hibernate.type.ShortType@5d08976a
2021-12-27 17:43:10.497 DEBUG 12704 --- [    Test worker] org.hibernate.type.BasicTypeRegistry     : Adding type registration short -> org.hibernate.type.ShortType@5d08976a
2021-12-27 17:43:10.498 DEBUG 12704 --- [    Test worker] org.hibernate.type.BasicTypeRegistry     : Adding type registration java.lang.Short -> org.hibernate.type.ShortType@5d08976a
2021-12-27 17:43:10.500 DEBUG 12704 --- [    Test worker] org.hibernate.type.BasicTypeRegistry     : Adding type registration integer -> org.hibernate.type.IntegerType@218df7d6
2021-12-27 17:43:10.501 DEBUG 12704 --- [    Test worker] org.hibernate.type.BasicTypeRegistry     : Adding type registration int -> org.hibernate.type.IntegerType@218df7d6
2021-12-27 17:43:10.501 DEBUG 12704 --- [    Test worker] org.hibernate.type.BasicTypeRegistry     : Adding type registration java.lang.Integer -> org.hibernate.type.IntegerType@218df7d6
2021-12-27 17:43:10.508 DEBUG 12704 --- [    Test worker] org.hibernate.type.BasicTypeRegistry     : Adding type registration long -> org.hibernate.type.LongType@3193e21d
2021-12-27 17:43:10.508 DEBUG 12704 --- [    Test worker] org.hibernate.type.BasicTypeRegistry     : Adding type registration long -> org.hibernate.type.LongType@3193e21d
2021-12-27 17:43:10.509 DEBUG 12704 --- [    Test worker] org.hibernate.type.BasicTypeRegistry     : Adding type registration java.lang.Long -> org.hibernate.type.LongType@3193e21d
2021-12-27 17:43:10.511 DEBUG 12704 --- [    Test worker] org.hibernate.type.BasicTypeRegistry     : Adding type registration float -> org.hibernate.type.FloatType@3e28dc96
2021-12-27 17:43:10.513 DEBUG 12704 --- [    Test worker] org.hibernate.type.BasicTypeRegistry     : Adding type registration float -> org.hibernate.type.FloatType@3e28dc96
2021-12-27 17:43:10.514 DEBUG 12704 --- [    Test worker] org.hibernate.type.BasicTypeRegistry     : Adding type registration java.lang.Float -> org.hibernate.type.FloatType@3e28dc96
2021-12-27 17:43:10.517 DEBUG 12704 --- [    Test worker] org.hibernate.type.BasicTypeRegistry     : Adding type registration double -> org.hibernate.type.DoubleType@49c83262
2021-12-27 17:43:10.517 DEBUG 12704 --- [    Test worker] org.hibernate.type.BasicTypeRegistry     : Adding type registration double -> org.hibernate.type.DoubleType@49c83262
2021-12-27 17:43:10.517 DEBUG 12704 --- [    Test worker] org.hibernate.type.BasicTypeRegistry     : Adding type registration java.lang.Double -> org.hibernate.type.DoubleType@49c83262
2021-12-27 17:43:10.520 DEBUG 12704 --- [    Test worker] org.hibernate.type.BasicTypeRegistry     : Adding type registration big_decimal -> org.hibernate.type.BigDecimalType@17c53dfb
2021-12-27 17:43:10.520 DEBUG 12704 --- [    Test worker] org.hibernate.type.BasicTypeRegistry     : Adding type registration java.math.BigDecimal -> org.hibernate.type.BigDecimalType@17c53dfb
2021-12-27 17:43:10.524 DEBUG 12704 --- [    Test worker] org.hibernate.type.BasicTypeRegistry     : Adding type registration big_integer -> org.hibernate.type.BigIntegerType@4eb63dc8
2021-12-27 17:43:10.524 DEBUG 12704 --- [    Test worker] org.hibernate.type.BasicTypeRegistry     : Adding type registration java.math.BigInteger -> org.hibernate.type.BigIntegerType@4eb63dc8
2021-12-27 17:43:10.527 DEBUG 12704 --- [    Test worker] org.hibernate.type.BasicTypeRegistry     : Adding type registration string -> org.hibernate.type.StringType@69f9b561
2021-12-27 17:43:10.527 DEBUG 12704 --- [    Test worker] org.hibernate.type.BasicTypeRegistry     : Adding type registration java.lang.String -> org.hibernate.type.StringType@69f9b561
2021-12-27 17:43:10.531 DEBUG 12704 --- [    Test worker] org.hibernate.type.BasicTypeRegistry     : Adding type registration nstring -> org.hibernate.type.StringNVarcharType@79d4ff58
2021-12-27 17:43:10.533 DEBUG 12704 --- [    Test worker] org.hibernate.type.BasicTypeRegistry     : Adding type registration ncharacter -> org.hibernate.type.CharacterNCharType@78eafad
2021-12-27 17:43:10.536 DEBUG 12704 --- [    Test worker] org.hibernate.type.BasicTypeRegistry     : Adding type registration url -> org.hibernate.type.UrlType@6f2d3391
2021-12-27 17:43:10.537 DEBUG 12704 --- [    Test worker] org.hibernate.type.BasicTypeRegistry     : Adding type registration java.net.URL -> org.hibernate.type.UrlType@6f2d3391
2021-12-27 17:43:10.580 DEBUG 12704 --- [    Test worker] org.hibernate.type.BasicTypeRegistry     : Adding type registration Duration -> org.hibernate.type.DurationType@5d84e363
2021-12-27 17:43:10.581 DEBUG 12704 --- [    Test worker] org.hibernate.type.BasicTypeRegistry     : Adding type registration java.time.Duration -> org.hibernate.type.DurationType@5d84e363
2021-12-27 17:43:10.583 DEBUG 12704 --- [    Test worker] org.hibernate.type.BasicTypeRegistry     : Adding type registration Instant -> org.hibernate.type.InstantType@6c6379c
2021-12-27 17:43:10.584 DEBUG 12704 --- [    Test worker] org.hibernate.type.BasicTypeRegistry     : Adding type registration java.time.Instant -> org.hibernate.type.InstantType@6c6379c
2021-12-27 17:43:10.586 DEBUG 12704 --- [    Test worker] org.hibernate.type.BasicTypeRegistry     : Adding type registration LocalDateTime -> org.hibernate.type.LocalDateTimeType@18989e0
2021-12-27 17:43:10.587 DEBUG 12704 --- [    Test worker] org.hibernate.type.BasicTypeRegistry     : Adding type registration java.time.LocalDateTime -> org.hibernate.type.LocalDateTimeType@18989e0
2021-12-27 17:43:10.590 DEBUG 12704 --- [    Test worker] org.hibernate.type.BasicTypeRegistry     : Adding type registration LocalDate -> org.hibernate.type.LocalDateType@4fa0ee7e
2021-12-27 17:43:10.590 DEBUG 12704 --- [    Test worker] org.hibernate.type.BasicTypeRegistry     : Adding type registration java.time.LocalDate -> org.hibernate.type.LocalDateType@4fa0ee7e
2021-12-27 17:43:10.593 DEBUG 12704 --- [    Test worker] org.hibernate.type.BasicTypeRegistry     : Adding type registration LocalTime -> org.hibernate.type.LocalTimeType@1a0d313
2021-12-27 17:43:10.593 DEBUG 12704 --- [    Test worker] org.hibernate.type.BasicTypeRegistry     : Adding type registration java.time.LocalTime -> org.hibernate.type.LocalTimeType@1a0d313
2021-12-27 17:43:10.597 DEBUG 12704 --- [    Test worker] org.hibernate.type.BasicTypeRegistry     : Adding type registration OffsetDateTime -> org.hibernate.type.OffsetDateTimeType@2f60cbf2
2021-12-27 17:43:10.597 DEBUG 12704 --- [    Test worker] org.hibernate.type.BasicTypeRegistry     : Adding type registration java.time.OffsetDateTime -> org.hibernate.type.OffsetDateTimeType@2f60cbf2
2021-12-27 17:43:10.600 DEBUG 12704 --- [    Test worker] org.hibernate.type.BasicTypeRegistry     : Adding type registration OffsetTime -> org.hibernate.type.OffsetTimeType@7686f701
2021-12-27 17:43:10.601 DEBUG 12704 --- [    Test worker] org.hibernate.type.BasicTypeRegistry     : Adding type registration java.time.OffsetTime -> org.hibernate.type.OffsetTimeType@7686f701
2021-12-27 17:43:10.604 DEBUG 12704 --- [    Test worker] org.hibernate.type.BasicTypeRegistry     : Adding type registration ZonedDateTime -> org.hibernate.type.ZonedDateTimeType@249b54af
2021-12-27 17:43:10.605 DEBUG 12704 --- [    Test worker] org.hibernate.type.BasicTypeRegistry     : Adding type registration java.time.ZonedDateTime -> org.hibernate.type.ZonedDateTimeType@249b54af
2021-12-27 17:43:10.609 DEBUG 12704 --- [    Test worker] org.hibernate.type.BasicTypeRegistry     : Adding type registration date -> org.hibernate.type.DateType@54bb1194
2021-12-27 17:43:10.609 DEBUG 12704 --- [    Test worker] org.hibernate.type.BasicTypeRegistry     : Adding type registration java.sql.Date -> org.hibernate.type.DateType@54bb1194
2021-12-27 17:43:10.612 DEBUG 12704 --- [    Test worker] org.hibernate.type.BasicTypeRegistry     : Adding type registration time -> org.hibernate.type.TimeType@60652518
2021-12-27 17:43:10.614 DEBUG 12704 --- [    Test worker] org.hibernate.type.BasicTypeRegistry     : Adding type registration java.sql.Time -> org.hibernate.type.TimeType@60652518
2021-12-27 17:43:10.617 DEBUG 12704 --- [    Test worker] org.hibernate.type.BasicTypeRegistry     : Adding type registration timestamp -> org.hibernate.type.TimestampType@2c77344f
2021-12-27 17:43:10.618 DEBUG 12704 --- [    Test worker] org.hibernate.type.BasicTypeRegistry     : Adding type registration java.sql.Timestamp -> org.hibernate.type.TimestampType@2c77344f
2021-12-27 17:43:10.618 DEBUG 12704 --- [    Test worker] org.hibernate.type.BasicTypeRegistry     : Adding type registration java.util.Date -> org.hibernate.type.TimestampType@2c77344f
2021-12-27 17:43:10.622 DEBUG 12704 --- [    Test worker] org.hibernate.type.BasicTypeRegistry     : Adding type registration dbtimestamp -> org.hibernate.type.DbTimestampType@4cc26df
2021-12-27 17:43:10.625 DEBUG 12704 --- [    Test worker] org.hibernate.type.BasicTypeRegistry     : Adding type registration calendar -> org.hibernate.type.CalendarType@48632f69
2021-12-27 17:43:10.625 DEBUG 12704 --- [    Test worker] org.hibernate.type.BasicTypeRegistry     : Adding type registration java.util.Calendar -> org.hibernate.type.CalendarType@48632f69
2021-12-27 17:43:10.626 DEBUG 12704 --- [    Test worker] org.hibernate.type.BasicTypeRegistry     : Adding type registration java.util.GregorianCalendar -> org.hibernate.type.CalendarType@48632f69
2021-12-27 17:43:10.628 DEBUG 12704 --- [    Test worker] org.hibernate.type.BasicTypeRegistry     : Adding type registration calendar_date -> org.hibernate.type.CalendarDateType@7757a37f
2021-12-27 17:43:10.632 DEBUG 12704 --- [    Test worker] org.hibernate.type.BasicTypeRegistry     : Adding type registration calendar_time -> org.hibernate.type.CalendarTimeType@6451a288
2021-12-27 17:43:10.634 DEBUG 12704 --- [    Test worker] org.hibernate.type.BasicTypeRegistry     : Adding type registration locale -> org.hibernate.type.LocaleType@1d637673
2021-12-27 17:43:10.634 DEBUG 12704 --- [    Test worker] org.hibernate.type.BasicTypeRegistry     : Adding type registration java.util.Locale -> org.hibernate.type.LocaleType@1d637673
2021-12-27 17:43:10.640 DEBUG 12704 --- [    Test worker] org.hibernate.type.BasicTypeRegistry     : Adding type registration currency -> org.hibernate.type.CurrencyType@59313495
2021-12-27 17:43:10.640 DEBUG 12704 --- [    Test worker] org.hibernate.type.BasicTypeRegistry     : Adding type registration java.util.Currency -> org.hibernate.type.CurrencyType@59313495
2021-12-27 17:43:10.643 DEBUG 12704 --- [    Test worker] org.hibernate.type.BasicTypeRegistry     : Adding type registration timezone -> org.hibernate.type.TimeZoneType@6ace919c
2021-12-27 17:43:10.643 DEBUG 12704 --- [    Test worker] org.hibernate.type.BasicTypeRegistry     : Adding type registration java.util.TimeZone -> org.hibernate.type.TimeZoneType@6ace919c
2021-12-27 17:43:10.646 DEBUG 12704 --- [    Test worker] org.hibernate.type.BasicTypeRegistry     : Adding type registration class -> org.hibernate.type.ClassType@6e517c9e
2021-12-27 17:43:10.646 DEBUG 12704 --- [    Test worker] org.hibernate.type.BasicTypeRegistry     : Adding type registration java.lang.Class -> org.hibernate.type.ClassType@6e517c9e
2021-12-27 17:43:10.649 DEBUG 12704 --- [    Test worker] org.hibernate.type.BasicTypeRegistry     : Adding type registration uuid-binary -> org.hibernate.type.UUIDBinaryType@74cd798f
2021-12-27 17:43:10.649 DEBUG 12704 --- [    Test worker] org.hibernate.type.BasicTypeRegistry     : Adding type registration java.util.UUID -> org.hibernate.type.UUIDBinaryType@74cd798f
2021-12-27 17:43:10.650 DEBUG 12704 --- [    Test worker] org.hibernate.type.BasicTypeRegistry     : Adding type registration uuid-char -> org.hibernate.type.UUIDCharType@601f264d
2021-12-27 17:43:10.652 DEBUG 12704 --- [    Test worker] org.hibernate.type.BasicTypeRegistry     : Adding type registration binary -> org.hibernate.type.BinaryType@1f71e024
2021-12-27 17:43:10.653 DEBUG 12704 --- [    Test worker] org.hibernate.type.BasicTypeRegistry     : Adding type registration byte[] -> org.hibernate.type.BinaryType@1f71e024
2021-12-27 17:43:10.653 DEBUG 12704 --- [    Test worker] org.hibernate.type.BasicTypeRegistry     : Adding type registration [B -> org.hibernate.type.BinaryType@1f71e024
2021-12-27 17:43:10.656 DEBUG 12704 --- [    Test worker] org.hibernate.type.BasicTypeRegistry     : Adding type registration wrapper-binary -> org.hibernate.type.WrapperBinaryType@2eb6d34a
2021-12-27 17:43:10.656 DEBUG 12704 --- [    Test worker] org.hibernate.type.BasicTypeRegistry     : Adding type registration Byte[] -> org.hibernate.type.WrapperBinaryType@2eb6d34a
2021-12-27 17:43:10.656 DEBUG 12704 --- [    Test worker] org.hibernate.type.BasicTypeRegistry     : Adding type registration [Ljava.lang.Byte; -> org.hibernate.type.WrapperBinaryType@2eb6d34a
2021-12-27 17:43:10.659 DEBUG 12704 --- [    Test worker] org.hibernate.type.BasicTypeRegistry     : Adding type registration row_version -> org.hibernate.type.RowVersionType@1edf71d9
2021-12-27 17:43:10.660 DEBUG 12704 --- [    Test worker] org.hibernate.type.BasicTypeRegistry     : Adding type registration image -> org.hibernate.type.ImageType@1a84a8b2
2021-12-27 17:43:10.664 DEBUG 12704 --- [    Test worker] org.hibernate.type.BasicTypeRegistry     : Adding type registration characters -> org.hibernate.type.CharArrayType@5e158f33
2021-12-27 17:43:10.664 DEBUG 12704 --- [    Test worker] org.hibernate.type.BasicTypeRegistry     : Adding type registration char[] -> org.hibernate.type.CharArrayType@5e158f33
2021-12-27 17:43:10.664 DEBUG 12704 --- [    Test worker] org.hibernate.type.BasicTypeRegistry     : Adding type registration [C -> org.hibernate.type.CharArrayType@5e158f33
2021-12-27 17:43:10.666 DEBUG 12704 --- [    Test worker] org.hibernate.type.BasicTypeRegistry     : Adding type registration wrapper-characters -> org.hibernate.type.CharacterArrayType@3b0ed98a
2021-12-27 17:43:10.667 DEBUG 12704 --- [    Test worker] org.hibernate.type.BasicTypeRegistry     : Adding type registration [Ljava.lang.Character; -> org.hibernate.type.CharacterArrayType@3b0ed98a
2021-12-27 17:43:10.667 DEBUG 12704 --- [    Test worker] org.hibernate.type.BasicTypeRegistry     : Adding type registration Character[] -> org.hibernate.type.CharacterArrayType@3b0ed98a
2021-12-27 17:43:10.668 DEBUG 12704 --- [    Test worker] org.hibernate.type.BasicTypeRegistry     : Adding type registration text -> org.hibernate.type.TextType@20dd5870
2021-12-27 17:43:10.670 DEBUG 12704 --- [    Test worker] org.hibernate.type.BasicTypeRegistry     : Adding type registration ntext -> org.hibernate.type.NTextType@24405466
2021-12-27 17:43:10.673 DEBUG 12704 --- [    Test worker] org.hibernate.type.BasicTypeRegistry     : Adding type registration blob -> org.hibernate.type.BlobType@39851c5
2021-12-27 17:43:10.674 DEBUG 12704 --- [    Test worker] org.hibernate.type.BasicTypeRegistry     : Adding type registration java.sql.Blob -> org.hibernate.type.BlobType@39851c5
2021-12-27 17:43:10.681 DEBUG 12704 --- [    Test worker] org.hibernate.type.BasicTypeRegistry     : Adding type registration materialized_blob -> org.hibernate.type.MaterializedBlobType@7c0de229
2021-12-27 17:43:10.684 DEBUG 12704 --- [    Test worker] org.hibernate.type.BasicTypeRegistry     : Adding type registration clob -> org.hibernate.type.ClobType@416a4275
2021-12-27 17:43:10.684 DEBUG 12704 --- [    Test worker] org.hibernate.type.BasicTypeRegistry     : Adding type registration java.sql.Clob -> org.hibernate.type.ClobType@416a4275
2021-12-27 17:43:10.687 DEBUG 12704 --- [    Test worker] org.hibernate.type.BasicTypeRegistry     : Adding type registration nclob -> org.hibernate.type.NClobType@48ae9e8b
2021-12-27 17:43:10.687 DEBUG 12704 --- [    Test worker] org.hibernate.type.BasicTypeRegistry     : Adding type registration java.sql.NClob -> org.hibernate.type.NClobType@48ae9e8b
2021-12-27 17:43:10.689 DEBUG 12704 --- [    Test worker] org.hibernate.type.BasicTypeRegistry     : Adding type registration materialized_clob -> org.hibernate.type.MaterializedClobType@3a2bb026
2021-12-27 17:43:10.690 DEBUG 12704 --- [    Test worker] org.hibernate.type.BasicTypeRegistry     : Adding type registration materialized_nclob -> org.hibernate.type.MaterializedNClobType@756c67cd
2021-12-27 17:43:10.716 DEBUG 12704 --- [    Test worker] org.hibernate.type.BasicTypeRegistry     : Adding type registration serializable -> org.hibernate.type.SerializableType@2987d0fa
2021-12-27 17:43:10.723 DEBUG 12704 --- [    Test worker] org.hibernate.type.BasicTypeRegistry     : Adding type registration object -> org.hibernate.type.ObjectType@7fac18dc
2021-12-27 17:43:10.724 DEBUG 12704 --- [    Test worker] org.hibernate.type.BasicTypeRegistry     : Adding type registration java.lang.Object -> org.hibernate.type.ObjectType@7fac18dc
2021-12-27 17:43:10.725 DEBUG 12704 --- [    Test worker] org.hibernate.type.BasicTypeRegistry     : Adding type registration imm_date -> org.hibernate.type.AdaptedImmutableType@2a4e939a
2021-12-27 17:43:10.726 DEBUG 12704 --- [    Test worker] org.hibernate.type.BasicTypeRegistry     : Adding type registration imm_time -> org.hibernate.type.AdaptedImmutableType@110620d
2021-12-27 17:43:10.726 DEBUG 12704 --- [    Test worker] org.hibernate.type.BasicTypeRegistry     : Adding type registration imm_timestamp -> org.hibernate.type.AdaptedImmutableType@4f402027
2021-12-27 17:43:10.726 DEBUG 12704 --- [    Test worker] org.hibernate.type.BasicTypeRegistry     : Adding type registration imm_dbtimestamp -> org.hibernate.type.AdaptedImmutableType@22aee519
2021-12-27 17:43:10.727 DEBUG 12704 --- [    Test worker] org.hibernate.type.BasicTypeRegistry     : Adding type registration imm_calendar -> org.hibernate.type.AdaptedImmutableType@7c226095
2021-12-27 17:43:10.727 DEBUG 12704 --- [    Test worker] org.hibernate.type.BasicTypeRegistry     : Adding type registration imm_calendar_date -> org.hibernate.type.AdaptedImmutableType@7ea07516
2021-12-27 17:43:10.727 DEBUG 12704 --- [    Test worker] org.hibernate.type.BasicTypeRegistry     : Adding type registration imm_binary -> org.hibernate.type.AdaptedImmutableType@30af23fd
2021-12-27 17:43:10.727 DEBUG 12704 --- [    Test worker] org.hibernate.type.BasicTypeRegistry     : Adding type registration imm_serializable -> org.hibernate.type.AdaptedImmutableType@65fc8edc
2021-12-27 17:43:11.016  INFO 12704 --- [    Test worker] com.zaxxer.hikari.HikariDataSource       : HikariPool-1 - Starting...
2021-12-27 17:43:11.026  WARN 12704 --- [    Test worker] com.zaxxer.hikari.util.DriverDataSource  : Registered driver with driverClassName=com.mysql.jdbc.Driver was not found, trying direct instantiation.
2021-12-27 17:43:13.468  INFO 12704 --- [    Test worker] com.zaxxer.hikari.HikariDataSource       : HikariPool-1 - Start completed.
2021-12-27 17:43:13.724  INFO 12704 --- [    Test worker] org.hibernate.dialect.Dialect            : HHH000400: Using dialect: org.hibernate.dialect.MySQL5InnoDBDialect
2021-12-27 17:43:14.150 DEBUG 12704 --- [    Test worker] o.h.type.spi.TypeConfiguration$Scope     : Scoping TypeConfiguration [org.hibernate.type.spi.TypeConfiguration@4ed19b69] to MetadataBuildingContext [org.hibernate.boot.internal.MetadataBuildingContextRootImpl@59a5bb61]
2021-12-27 17:43:16.090 DEBUG 12704 --- [    Test worker] o.h.type.spi.TypeConfiguration$Scope     : Scoping TypeConfiguration [org.hibernate.type.spi.TypeConfiguration@4ed19b69] to SessionFactoryImpl [org.hibernate.internal.SessionFactoryImpl@6df31abf]
2021-12-27 17:43:20.258  INFO 12704 --- [    Test worker] o.h.e.t.j.p.i.JtaPlatformInitiator       : HHH000490: Using JtaPlatform implementation: [org.hibernate.engine.transaction.jta.platform.internal.NoJtaPlatform]
2021-12-27 17:43:20.299 TRACE 12704 --- [    Test worker] o.h.type.spi.TypeConfiguration$Scope     : Handling #sessionFactoryCreated from [org.hibernate.internal.SessionFactoryImpl@6df31abf] for TypeConfiguration
2021-12-27 17:43:20.305  INFO 12704 --- [    Test worker] j.LocalContainerEntityManagerFactoryBean : Initialized JPA EntityManagerFactory for persistence unit 'default'
2021-12-27 17:43:25.633  WARN 12704 --- [    Test worker] JpaBaseConfiguration$JpaWebConfiguration : spring.jpa.open-in-view is enabled by default. Therefore, database queries may be performed during view rendering. Explicitly configure spring.jpa.open-in-view to disable this warning
2021-12-27 17:43:31.945  INFO 12704 --- [    Test worker] o.s.b.a.e.web.EndpointLinksResolver      : Exposing 1 endpoint(s) beneath base path '/actuator'
2021-12-27 17:43:32.070  INFO 12704 --- [    Test worker] com.exa.api.ApiApplicationTests          : Started ApiApplicationTests in 39.318 seconds (JVM running for 56.755)
]]></system-out>
  <system-err><![CDATA[Loading class `com.mysql.jdbc.Driver'. This is deprecated. The new driver class is `com.mysql.cj.jdbc.Driver'. The driver is automatically registered via the SPI and manual loading of the driver class is generally unnecessary.
]]></system-err>
</testsuite>
